-------------------------------------------------------------------------------
Test set: com.betrybe.sistemadevotacao.PrincipalTest
-------------------------------------------------------------------------------
Tests run: 1, Failures: 1, Errors: 0, Skipped: 0, Time elapsed: 0.017 s <<< FAILURE! - in null
com.betrybe.sistemadevotacao.PrincipalTest.testePrincipal  Time elapsed: 0.015 s  <<< FAILURE!
org.opentest4j.AssertionFailedError: expected: <true> but was: <false>
	at com.betrybe.sistemadevotacao.PrincipalTest.testePrincipal(PrincipalTest.java:42)

